# JRE version: OpenJDK Runtime Environment 18.9 (11.0.16+8) (build 11.0.16+8)
# Java VM: OpenJDK 64-Bit Server VM 18.9 (11.0.16+8, mixed mode, tiered, compressed oops, g1 gc, windows-amd64)
Heap:
 garbage-first heap   total 155648K, used 110573K [0x0000000083600000, 0x0000000100000000)
  region size 1024K, 47 young (48128K), 7 survivors (7168K)
 Metaspace       used 69153K, capacity 70024K, committed 70272K, reserved 1112064K
  class space    used 7628K, capacity 7985K, committed 8064K, reserved 1048576K
GC Heap History (20 events):
Event: 7.013 GC heap before
{Heap before GC invocations=4 (full 0):
 garbage-first heap   total 129024K, used 23671K [0x0000000083600000, 0x0000000100000000)
  region size 1024K, 10 young (10240K), 7 survivors (7168K)
 Metaspace       used 32941K, capacity 33375K, committed 33536K, reserved 1079296K
  class space    used 4066K, capacity 4246K, committed 4352K, reserved 1048576K
}
Event: 7.027 GC heap after
{Heap after GC invocations=5 (full 0):
 garbage-first heap   total 129024K, used 21869K [0x0000000083600000, 0x0000000100000000)
  region size 1024K, 1 young (1024K), 1 survivors (1024K)
 Metaspace       used 32941K, capacity 33375K, committed 33536K, reserved 1079296K
  class space    used 4066K, capacity 4246K, committed 4352K, reserved 1048576K
}
Event: 7.591 GC heap before
{Heap before GC invocations=5 (full 0):
 garbage-first heap   total 129024K, used 32109K [0x0000000083600000, 0x0000000100000000)
  region size 1024K, 12 young (12288K), 1 survivors (1024K)
 Metaspace       used 35276K, capacity 35690K, committed 35840K, reserved 1081344K
  class space    used 4307K, capacity 4506K, committed 4608K, reserved 1048576K
}
Event: 7.596 GC heap after
{Heap after GC invocations=6 (full 0):
 garbage-first heap   total 129024K, used 22345K [0x0000000083600000, 0x0000000100000000)
  region size 1024K, 2 young (2048K), 2 survivors (2048K)
 Metaspace       used 35276K, capacity 35690K, committed 35840K, reserved 1081344K
  class space    used 4307K, capacity 4506K, committed 4608K, reserved 1048576K
}
Event: 9.986 GC heap before
{Heap before GC invocations=7 (full 0):
 garbage-first heap   total 129024K, used 68425K [0x0000000083600000, 0x0000000100000000)
  region size 1024K, 47 young (48128K), 2 survivors (2048K)
 Metaspace       used 44854K, capacity 45310K, committed 45440K, reserved 1089536K
  class space    used 5249K, capacity 5444K, committed 5504K, reserved 1048576K
}
Event: 9.997 GC heap after
{Heap after GC invocations=8 (full 0):
 garbage-first heap   total 129024K, used 26926K [0x0000000083600000, 0x0000000100000000)
  region size 1024K, 6 young (6144K), 6 survivors (6144K)
 Metaspace       used 44854K, capacity 45310K, committed 45440K, reserved 1089536K
  class space    used 5249K, capacity 5444K, committed 5504K, reserved 1048576K
}
Event: 12.034 GC heap before
{Heap before GC invocations=8 (full 0):
 garbage-first heap   total 129024K, used 74030K [0x0000000083600000, 0x0000000100000000)
  region size 1024K, 52 young (53248K), 6 survivors (6144K)
 Metaspace       used 49904K, capacity 50448K, committed 50560K, reserved 1093632K
  class space    used 5761K, capacity 5996K, committed 6016K, reserved 1048576K
}
Event: 12.055 GC heap after
{Heap after GC invocations=9 (full 0):
 garbage-first heap   total 129024K, used 32955K [0x0000000083600000, 0x0000000100000000)
  region size 1024K, 6 young (6144K), 6 survivors (6144K)
 Metaspace       used 49904K, capacity 50448K, committed 50560K, reserved 1093632K
  class space    used 5761K, capacity 5996K, committed 6016K, reserved 1048576K
}
Event: 15.184 GC heap before
{Heap before GC invocations=9 (full 0):
 garbage-first heap   total 129024K, used 80059K [0x0000000083600000, 0x0000000100000000)
  region size 1024K, 52 young (53248K), 6 survivors (6144K)
 Metaspace       used 57192K, capacity 57993K, committed 58240K, reserved 1099776K
  class space    used 6679K, capacity 6988K, committed 7040K, reserved 1048576K
}
Event: 15.206 GC heap after
{Heap after GC invocations=10 (full 0):
 garbage-first heap   total 129024K, used 38589K [0x0000000083600000, 0x0000000100000000)
  region size 1024K, 6 young (6144K), 6 survivors (6144K)
 Metaspace       used 57192K, capacity 57993K, committed 58240K, reserved 1099776K
  class space    used 6679K, capacity 6988K, committed 7040K, reserved 1048576K
}
Event: 17.266 GC heap before
{Heap before GC invocations=10 (full 0):
 garbage-first heap   total 129024K, used 55997K [0x0000000083600000, 0x0000000100000000)
  region size 1024K, 24 young (24576K), 6 survivors (6144K)
 Metaspace       used 59304K, capacity 60070K, committed 60160K, reserved 1101824K
  class space    used 6795K, capacity 7134K, committed 7168K, reserved 1048576K
}
Event: 17.286 GC heap after
{Heap after GC invocations=11 (full 0):
 garbage-first heap   total 155648K, used 42117K [0x0000000083600000, 0x0000000100000000)
  region size 1024K, 4 young (4096K), 4 survivors (4096K)
 Metaspace       used 59304K, capacity 60070K, committed 60160K, reserved 1101824K
  class space    used 6795K, capacity 7134K, committed 7168K, reserved 1048576K
}
Event: 19.193 GC heap before
{Heap before GC invocations=12 (full 0):
 garbage-first heap   total 155648K, used 97413K [0x0000000083600000, 0x0000000100000000)
  region size 1024K, 58 young (59392K), 4 survivors (4096K)
 Metaspace       used 60564K, capacity 61414K, committed 61568K, reserved 1103872K
  class space    used 6904K, capacity 7241K, committed 7296K, reserved 1048576K
}
Event: 19.231 GC heap after
{Heap after GC invocations=13 (full 0):
 garbage-first heap   total 155648K, used 51867K [0x0000000083600000, 0x0000000100000000)
  region size 1024K, 8 young (8192K), 8 survivors (8192K)
 Metaspace       used 60564K, capacity 61414K, committed 61568K, reserved 1103872K
  class space    used 6904K, capacity 7241K, committed 7296K, reserved 1048576K
}
Event: 20.437 GC heap before
{Heap before GC invocations=13 (full 0):
 garbage-first heap   total 155648K, used 106139K [0x0000000083600000, 0x0000000100000000)
  region size 1024K, 61 young (62464K), 8 survivors (8192K)
 Metaspace       used 61560K, capacity 62355K, committed 62464K, reserved 1103872K
  class space    used 7000K, capacity 7341K, committed 7424K, reserved 1048576K
}
Event: 20.477 GC heap after
{Heap after GC invocations=14 (full 0):
 garbage-first heap   total 155648K, used 60416K [0x0000000083600000, 0x0000000100000000)
  region size 1024K, 8 young (8192K), 8 survivors (8192K)
 Metaspace       used 61560K, capacity 62355K, committed 62464K, reserved 1103872K
  class space    used 7000K, capacity 7341K, committed 7424K, reserved 1048576K
}
Event: 21.405 GC heap before
{Heap before GC invocations=14 (full 0):
 garbage-first heap   total 155648K, used 111616K [0x0000000083600000, 0x0000000100000000)
  region size 1024K, 58 young (59392K), 8 survivors (8192K)
 Metaspace       used 62521K, capacity 63369K, committed 63616K, reserved 1105920K
  class space    used 7090K, capacity 7444K, committed 7552K, reserved 1048576K
}
Event: 21.425 GC heap after
{Heap after GC invocations=15 (full 0):
 garbage-first heap   total 155648K, used 62400K [0x0000000083600000, 0x0000000100000000)
  region size 1024K, 2 young (2048K), 2 survivors (2048K)
 Metaspace       used 62521K, capacity 63369K, committed 63616K, reserved 1105920K
  class space    used 7090K, capacity 7444K, committed 7552K, reserved 1048576K
}
Event: 26.259 GC heap before
{Heap before GC invocations=15 (full 0):
 garbage-first heap   total 155648K, used 116672K [0x0000000083600000, 0x0000000100000000)
  region size 1024K, 54 young (55296K), 2 survivors (2048K)
 Metaspace       used 67704K, capacity 68596K, committed 68864K, reserved 1110016K
  class space    used 7533K, capacity 7878K, committed 7936K, reserved 1048576K
}
Event: 26.300 GC heap after
{Heap after GC invocations=16 (full 0):
 garbage-first heap   total 155648K, used 68589K [0x0000000083600000, 0x0000000100000000)
  region size 1024K, 7 young (7168K), 7 survivors (7168K)
 Metaspace       used 67704K, capacity 68596K, committed 68864K, reserved 1110016K
  class space    used 7533K, capacity 7878K, committed 7936K, reserved 1048576K
}

