# JRE version: OpenJDK Runtime Environment 18.9 (11.0.16+8) (build 11.0.16+8)
# Java VM: OpenJDK 64-Bit Server VM 18.9 (11.0.16+8, mixed mode, tiered, compressed oops, g1 gc, windows-amd64)
Heap:
 garbage-first heap   total 155648K, used 45014K [0x0000000083600000, 0x0000000100000000)
  region size 1024K, 12 young (12288K), 8 survivors (8192K)
 Metaspace       used 57072K, capacity 57790K, committed 57856K, reserved 1099776K
  class space    used 6622K, capacity 6904K, committed 6912K, reserved 1048576K
GC Heap History (12 events):
Event: 1.255 GC heap before
{Heap before GC invocations=0 (full 0):
 garbage-first heap   total 129024K, used 27648K [0x0000000083600000, 0x0000000100000000)
  region size 1024K, 24 young (24576K), 0 survivors (0K)
 Metaspace       used 12306K, capacity 12405K, committed 12544K, reserved 1060864K
  class space    used 1135K, capacity 1174K, committed 1280K, reserved 1048576K
}
Event: 1.262 GC heap after
{Heap after GC invocations=1 (full 0):
 garbage-first heap   total 129024K, used 5688K [0x0000000083600000, 0x0000000100000000)
  region size 1024K, 3 young (3072K), 3 survivors (3072K)
 Metaspace       used 12306K, capacity 12405K, committed 12544K, reserved 1060864K
  class space    used 1135K, capacity 1174K, committed 1280K, reserved 1048576K
}
Event: 2.576 GC heap before
{Heap before GC invocations=1 (full 0):
 garbage-first heap   total 129024K, used 42552K [0x0000000083600000, 0x0000000100000000)
  region size 1024K, 40 young (40960K), 3 survivors (3072K)
 Metaspace       used 21073K, capacity 21230K, committed 21248K, reserved 1069056K
  class space    used 2212K, capacity 2286K, committed 2304K, reserved 1048576K
}
Event: 2.593 GC heap after
{Heap after GC invocations=2 (full 0):
 garbage-first heap   total 129024K, used 9440K [0x0000000083600000, 0x0000000100000000)
  region size 1024K, 7 young (7168K), 7 survivors (7168K)
 Metaspace       used 21073K, capacity 21230K, committed 21248K, reserved 1069056K
  class space    used 2212K, capacity 2286K, committed 2304K, reserved 1048576K
}
Event: 4.449 GC heap before
{Heap before GC invocations=3 (full 0):
 garbage-first heap   total 129024K, used 71904K [0x0000000083600000, 0x0000000100000000)
  region size 1024K, 56 young (57344K), 7 survivors (7168K)
 Metaspace       used 31159K, capacity 31565K, committed 31744K, reserved 1077248K
  class space    used 3646K, capacity 3824K, committed 3840K, reserved 1048576K
}
Event: 4.466 GC heap after
{Heap after GC invocations=4 (full 0):
 garbage-first heap   total 129024K, used 24406K [0x0000000083600000, 0x0000000100000000)
  region size 1024K, 7 young (7168K), 7 survivors (7168K)
 Metaspace       used 31159K, capacity 31565K, committed 31744K, reserved 1077248K
  class space    used 3646K, capacity 3824K, committed 3840K, reserved 1048576K
}
Event: 5.086 GC heap before
{Heap before GC invocations=4 (full 0):
 garbage-first heap   total 129024K, used 43862K [0x0000000083600000, 0x0000000100000000)
  region size 1024K, 27 young (27648K), 7 survivors (7168K)
 Metaspace       used 35277K, capacity 35664K, committed 35840K, reserved 1081344K
  class space    used 4094K, capacity 4251K, committed 4352K, reserved 1048576K
}
Event: 5.103 GC heap after
{Heap after GC invocations=5 (full 0):
 garbage-first heap   total 129024K, used 24309K [0x0000000083600000, 0x0000000100000000)
  region size 1024K, 3 young (3072K), 3 survivors (3072K)
 Metaspace       used 35277K, capacity 35664K, committed 35840K, reserved 1081344K
  class space    used 4094K, capacity 4251K, committed 4352K, reserved 1048576K
}
Event: 7.705 GC heap before
{Heap before GC invocations=6 (full 0):
 garbage-first heap   total 129024K, used 91893K [0x0000000083600000, 0x0000000100000000)
  region size 1024K, 67 young (68608K), 3 survivors (3072K)
 Metaspace       used 48401K, capacity 48969K, committed 49152K, reserved 1093632K
  class space    used 5562K, capacity 5791K, committed 5888K, reserved 1048576K
}
Event: 7.723 GC heap after
{Heap after GC invocations=7 (full 0):
 garbage-first heap   total 155648K, used 33792K [0x0000000083600000, 0x0000000100000000)
  region size 1024K, 9 young (9216K), 9 survivors (9216K)
 Metaspace       used 48401K, capacity 48969K, committed 49152K, reserved 1093632K
  class space    used 5562K, capacity 5791K, committed 5888K, reserved 1048576K
}
Event: 13.696 GC heap before
{Heap before GC invocations=7 (full 0):
 garbage-first heap   total 155648K, used 106496K [0x0000000083600000, 0x0000000100000000)
  region size 1024K, 79 young (80896K), 9 survivors (9216K)
 Metaspace       used 56883K, capacity 57626K, committed 57856K, reserved 1099776K
  class space    used 6618K, capacity 6898K, committed 6912K, reserved 1048576K
}
Event: 13.744 GC heap after
{Heap after GC invocations=8 (full 0):
 garbage-first heap   total 155648K, used 41942K [0x0000000083600000, 0x0000000100000000)
  region size 1024K, 8 young (8192K), 8 survivors (8192K)
 Metaspace       used 56883K, capacity 57626K, committed 57856K, reserved 1099776K
  class space    used 6618K, capacity 6898K, committed 6912K, reserved 1048576K
}

